2025-01-01 remove deprecated code [1]
2025-01-01 add integration tests [2]
2025-01-01 small refactor [3]
2025-01-01 upgrade dependencies [4]
2025-01-01 reformat code [5]
2025-01-01 simplify logic [6]
2025-01-01 update build script [7]
2025-01-01 initial commit [8]
2025-01-01 improve logging format [9]
2025-01-01 add sample data [10]
2025-01-01 small refactor [11]
2025-01-01 clean project structure [12]
2025-01-01 simplify logic [13]
2025-01-01 patch memory leak [14]
2025-01-01 improve UX [15]
2025-01-01 small refactor [16]
2025-01-01 remove test code [17]
2025-01-01 remove unused code [18]
2025-01-01 enhance logging [19]
2025-01-01 add helper function [20]
2025-01-01 minor refactor [21]
2025-01-01 update feature [22]
2025-01-01 add fallback [23]
2025-01-01 update feature [24]
2025-01-01 fix misconfiguration [25]
2025-01-01 add integration tests [26]
2025-01-02 update roadmap [1]
2025-01-02 enhance error reporting [2]
2025-01-02 fix crash issue [3]
